蓝牙一次传的20 Byte (160 bits)
1. [4 : 20)     [20, 36)    36, 52)     [52, 68)    [68, 80)
2. [80 : 96)    [96, 112)   [112, 128)  [128, 144)  [144, 156)
3. {2.} - {3.} 
4. 原始数据

c753 10bd 814e 68f2 000
c754 10a5 8146 68f5 800
1 -24 -8 3
1c 75 31 0b d8 14 e6 8f 20 00 c7 54 10 a5 81 46 68 f5 80 0a

c755 108e 813f 68f8 808
c755 108e 813f 68f8 808
0 0 0 0
1c 75 51 08 e8 13 f6 8f 88 08 c7 55 10 8e 81 3f 68 f8 80 8a

c767 0edd 80b1 692e 808
c768 0ec8 80ab 6930 800
1 -21 -6 2
1c 76 70 ed d8 0b 16 92 e8 08 c7 68 0e c8 80 ab 69 30 80 0a

c769 0eb5 80a4 6932 888
c769 0ea1 809e 6935 800
0 -20 -6 3
1c 76 90 eb 58 0a 46 93 28 88 c7 69 0e a1 80 9e 69 35 80 0a

c76a 0e8d 8098 6937 000
c76b 0e79 8091 6939 880
1 -20 -7 2
1c 76 a0 e8 d8 09 86 93 70 00 c7 6b 0e 79 80 91 69 39 88 0a

c76c 0e66 808b 693b 808
c76c 0e52 8084 693e 888
0 -20 -7 3
1c 76 c0 e6 68 08 b6 93 b8 08 c7 6c 0e 52 80 84 69 3e 88 8a

c76d 0e3f 807d 6940 000
c76e 0e2c 8077 6942 800
1 -19 -6 2
1c 76 d0 e3 f8 07 d6 94 00 00 c7 6e 0e 2c 80 77 69 42 80 0a

c76f 0e19 8071 6944 000
c76f 0e06 806b 6946 888
0 -19 -6 2
1c 76 f0 e1 98 07 16 94 40 00 c7 6f 0e 06 80 6b 69 46 88 8a

c770 0df4 8065 6948 008
c770 0df4 8065 6948 008
0 0 0 0
1c 77 00 df 48 06 56 94 80 08 c7 70 0d f4 80 65 69 48 00 8a

c780 0bb8 0055 6983 888
c780 0ba9 0059 6984 808
0 -15 4 1
1c 78 00 bb 80 05 56 98 38 88 c7 80 0b a9 00 59 69 84 80 8a

c781 0b9a 005e 6985 000
c781 0b8c 0062 6987 888
0 -14 4 2
1c 78 10 b9 a0 05 e6 98 50 00 c7 81 0b 8c 00 62 69 87 88 8a

c781 0b7e 0067 6988 800
c782 0b70 006b 6989 880
1 -14 4 1
1c 78 10 b7 e0 06 76 98 88 00 c7 82 0b 70 00 6b 69 89 88 0a

c782 0b62 0070 698b 000
c783 0b54 0074 698c 808
1 -14 4 1
1c 78 20 b6 20 07 06 98 b0 00 c7 83 0b 54 00 74 69 8c 80 8a

c783 0b47 0078 698d 008
c783 0b39 007d 698e 880
0 -14 5 1
1c 78 30 b4 70 07 86 98 d0 08 c7 83 0b 39 00 7d 69 8e 88 0a

c783 0b2c 0082 698f 888
c784 0b1f 0086 6991 888
1 -13 4 2
1c 78 30 b2 c0 08 26 98 f8 88 c7 84 0b 1f 00 86 69 91 88 8a

c784 0b11 008a 6992 008
c784 0b11 008a 6992 008
0 0 0 0
1c 78 40 b1 10 08 a6 99 20 08 c7 84 0b 11 00 8a 69 92 00 8a

c78a 0971 0113 69b5 888
c78a 0968 0116 69b6 008
0 -9 3 1
1c 78 a0 97 10 11 36 9b 58 88 c7 8a 09 68 01 16 69 b6 00 8a

c78a 095e 0119 69b7 880
c78b 0953 011d 69b7 008
1 -11 4 0
1c 78 a0 95 e0 11 96 9b 78 80 c7 8b 09 53 01 1d 69 b7 00 8a

c78b 0949 0120 69b8 008
c78b 0940 0123 69b9 008
0 -9 3 1
1c 78 b0 94 90 12 06 9b 80 08 c7 8b 09 40 01 23 69 b9 00 8a

c78b 0940 0123 69b9 008
c78c 0892 015c 69c6 008
1 -174 57 13
1c 78 b0 94 00 12 36 9b 90 08 c7 8c 08 92 01 5c 69 c6 00 8a

c78c 088a 015f 69c6 008
c78c 0882 0162 69c7 000
0 -8 3 1
1c 78 c0 88 a0 15 f6 9c 60 08 c7 8c 08 82 01 62 69 c7 00 0a

c78d 0879 0164 69c8 880
c78d 0870 0167 69c8 008
0 -9 3 0
1c 78 d0 87 90 16 46 9c 88 80 c7 8d 08 70 01 67 69 c8 00 8a

c78d 0868 016a 69c9 008
c78d 0860 016d 69c9 808
0 -8 3 0
1c 78 d0 86 80 16 a6 9c 90 08 c7 8d 08 60 01 6d 69 c9 80 8a

c78d 0858 016f 69ca 008
c78d 0850 0172 69cb 008
0 -8 3 1
1c 78 d0 85 80 16 f6 9c a0 08 c7 8d 08 50 01 72 69 cb 00 8a

c78d 0848 0175 69cb 008
c78d 0840 0177 69cc 808
0 -8 2 1
1c 78 d0 84 80 17 56 9c b0 08 c7 8d 08 40 01 77 69 cc 80 8a

c78d 0838 017a 69cc 880
c78d 0831 017c 69cd 808
0 -7 2 1
1c 78 d0 83 80 17 a6 9c c8 80 c7 8d 08 31 01 7c 69 cd 80 8a

c78d 0831 017c 69cd 808
c78e 0739 01cb 69dd 808
1 -248 79 16
1c 78 d0 83 10 17 c6 9c d8 08 c7 8e 07 39 01 cb 69 dd 80 8a

c78e 0733 01cd 69dd 800
c78e 072e 01cf 69de 000
0 -5 2 1
1c 78 e0 73 30 1c d6 9d d8 00 c7 8e 07 2e 01 cf 69 de 00 0a

c78e 0728 01d0 69de 808
c78e 0722 01d2 69de 808
0 -6 2 0
1c 78 e0 72 80 1d 06 9d e8 08 c7 8e 07 22 01 d2 69 de 80 8a

c78e 071c 01d4 69df 008
c78e 071c 01d4 69df 008
0 0 0 0
1c 78 e0 71 c0 1d 46 9d f0 08 c7 8e 07 1c 01 d4 69 df 00 8a

c78d 06b7 01f6 69e5 000
c78d 06b2 01f7 69e5 000
0 -5 1 0
1c 78 d0 6b 70 1f 66 9e 50 00 c7 8d 06 b2 01 f7 69 e5 00 0a

c78d 06ad 01f9 69e6 880
c78d 06a8 01fa 69e6 008
0 -5 1 0
1c 78 d0 6a d0 1f 96 9e 68 80 c7 8d 06 a8 01 fa 69 e6 00 8a

c78d 06a3 01fc 69e6 888
c78d 069e 01fd 69e6 008
0 -5 1 0
1c 78 d0 6a 30 1f c6 9e 68 88 c7 8d 06 9e 01 fd 69 e6 00 8a

c78d 069a 01ff 69e7 008
c78d 0695 0200 69e7 008
0 -5 1 0
1c 78 d0 69 a0 1f f6 9e 70 08 c7 8d 06 95 02 00 69 e7 00 8a

c78d 0690 0202 69e7 888
c78d 068b 0203 69e7 000
0 -5 1 0
1c 78 d0 69 00 20 26 9e 78 88 c7 8d 06 8b 02 03 69 e7 00 0a

c78d 0687 0205 69e8 008
c78d 0682 0206 69e8 808
0 -5 1 0
1c 78 d0 68 70 20 56 9e 80 08 c7 8d 06 82 02 06 69 e8 80 8a

c78d 0682 0206 69e8 808
c78c 05f6 0233 69f0 000
-1 -140 45 8
1c 78 d0 68 20 20 66 9e 88 08 c7 8c 05 f6 02 33 69 f0 00 0a

c78c 05f3 0234 69f0 000
c78c 05ef 0235 69f0 808
0 -4 1 0
1c 78 c0 5f 30 23 46 9f 00 00 c7 8c 05 ef 02 35 69 f0 80 8a

c78c 05eb 0236 69f1 000
c78c 05e8 0237 69f1 008
0 -3 1 0
1c 78 c0 5e b0 23 66 9f 10 00 c7 8c 05 e8 02 37 69 f1 00 8a

c78c 05e4 0238 69f1 008
c78c 05e0 0239 69f1 008
0 -4 1 0
1c 78 c0 5e 40 23 86 9f 10 08 c7 8c 05 e0 02 39 69 f1 00 8a

c78c 05dd 023a 69f1 008
c78c 05d9 023b 69f2 880
0 -4 1 1
1c 78 c0 5d d0 23 a6 9f 10 08 c7 8c 05 d9 02 3b 69 f2 88 0a

c78c 05d6 023c 69f2 000
c78c 05d3 023d 69f2 800
0 -3 1 0
1c 78 c0 5d 60 23 c6 9f 20 00 c7 8c 05 d3 02 3d 69 f2 80 0a

c78c 05cf 023e 69f2 000
c78c 05cc 023e 69f2 008
0 -3 0 0
1c 78 c0 5c f0 23 e6 9f 20 00 c7 8c 05 cc 02 3e 69 f2 00 8a

c78c 05cc 023e 69f2 008
c78c 0562 0260 69f7 888
0 -106 34 5
1c 78 c0 5c c0 23 e6 9f 20 08 c7 8c 05 62 02 60 69 f7 88 8a

c78c 0560 0261 69f7 008
c78c 055d 0262 69f8 008
0 -3 1 1
1c 78 c0 56 00 26 16 9f 70 08 c7 8c 05 5d 02 62 69 f8 00 8a

c78c 055b 0263 69f8 880
c78c 0558 0264 69f8 008
0 -3 1 0
1c 78 c0 55 b0 26 36 9f 88 80 c7 8c 05 58 02 64 69 f8 00 8a

c78c 0556 0264 69f8 008
c78b 0553 0265 69f8 008
-1 -3 1 0
1c 78 c0 55 60 26 46 9f 80 08 c7 8b 05 53 02 65 69 f8 00 8a

c78b 0553 0265 69f8 008
c78b 0525 0274 69fa 800
0 -46 15 2
1c 78 b0 55 30 26 56 9f 80 08 c7 8b 05 25 02 74 69 fa 80 0a

c78b 0523 0276 69fb 008
c78b 0521 0276 69fb 880
0 -2 0 0
1c 78 b0 52 30 27 66 9f b0 08 c7 8b 05 21 02 76 69 fb 88 0a

c78b 051f 0277 69fb 008
c78b 051d 0278 69fb 888
0 -2 1 0
1c 78 b0 51 f0 27 76 9f b0 08 c7 8b 05 1d 02 78 69 fb 88 8a

c78b 051b 0279 69fb 008
c78b 0519 027a 69fb 008
0 -2 1 0
1c 78 b0 51 b0 27 96 9f b0 08 c7 8b 05 19 02 7a 69 fb 00 8a

c78b 0517 027a 69fb 888
c78b 0516 027b 69fb 808
0 -1 1 0
1c 78 b0 51 70 27 a6 9f b8 88 c7 8b 05 16 02 7b 69 fb 80 8a

c78b 0514 027c 69fb 008
c78b 0512 027c 69fb 008
0 -2 0 0
1c 78 b0 51 40 27 c6 9f b0 08 c7 8b 05 12 02 7c 69 fb 00 8a

c78b 0510 027d 69fb 008
c78b 0510 027d 69fb 008
0 0 0 0
1c 78 b0 51 00 27 d6 9f b0 08 c7 8b 05 10 02 7d 69 fb 00 8a

c78a 04d6 028f 69fe 008
c78a 04d5 0290 69fe 008
0 -1 1 0
1c 78 a0 4d 60 28 f6 9f e0 08 c7 8a 04 d5 02 90 69 fe 00 8a

c78a 04d3 0291 69fe 880
c78a 04d2 0291 69fe 008
0 -1 0 0
1c 78 a0 4d 30 29 16 9f e8 80 c7 8a 04 d2 02 91 69 fe 00 8a

c78a 04d1 0292 69fe 880
c78a 04cf 0292 69ff 008
0 -2 0 1
1c 78 a0 4d 10 29 26 9f e8 80 c7 8a 04 cf 02 92 69 ff 00 8a

c78a 04cf 0292 69ff 008
c78a 04b6 029c 6a00 008
0 -25 10 1
1c 78 a0 4c f0 29 26 9f f0 08 c7 8a 04 b6 02 9c 6a 00 00 8a

c78a 04b5 029d 6a00 008
c78a 04b4 029d 6a00 000
0 -1 0 0
1c 78 a0 4b 50 29 d6 a0 00 08 c7 8a 04 b4 02 9d 6a 00 00 0a

c78a 04b3 029e 6a00 880
c78a 04b2 029e 6a00 008
0 -1 0 0
1c 78 a0 4b 30 29 e6 a0 08 80 c7 8a 04 b2 02 9e 6a 00 00 8a

c78a 04b1 029e 6a00 000
c78a 04af 029f 6a00 888
0 -2 1 0
1c 78 a0 4b 10 29 e6 a0 00 00 c7 8a 04 af 02 9f 6a 00 88 8a

c78a 04ae 02a0 6a00 000
c78a 04ad 02a0 6a00 000
0 -1 0 0
1c 78 a0 4a e0 2a 06 a0 00 00 c7 8a 04 ad 02 a0 6a 00 00 0a

c78a 04ac 02a0 6a00 008
c78a 04ab 02a0 6a00 800
0 -1 0 0
1c 78 a0 4a c0 2a 06 a0 00 08 c7 8a 04 ab 02 a0 6a 00 80 0a

c78a 04aa 02a0 6a00 000
c78a 04a9 02a1 6a00 888
0 -1 1 0
1c 78 a0 4a a0 2a 06 a0 00 00 c7 8a 04 a9 02 a1 6a 00 88 8a

c78a 04a9 02a1 6a00 888
c78a 0486 02ac 6a01 808
0 -35 11 1
1c 78 a0 4a 90 2a 16 a0 08 88 c7 8a 04 86 02 ac 6a 01 80 8a

c78a 0485 02ac 6a01 880
c78a 0484 02ad 6a01 000
0 -1 1 0
1c 78 a0 48 50 2a c6 a0 18 80 c7 8a 04 84 02 ad 6a 01 00 0a

c78a 0483 02ad 6a01 808
c78a 0483 02ae 6a01 008
0 0 1 0
1c 78 a0 48 30 2a d6 a0 18 08 c7 8a 04 83 02 ae 6a 01 00 8a

c78a 0482 02ae 6a01 880
c78a 0481 02ae 6a01 008
0 -1 0 0
1c 78 a0 48 20 2a e6 a0 18 80 c7 8a 04 81 02 ae 6a 01 00 8a

c78a 0480 02ae 6a01 880
c78a 0480 02ae 6a01 008
0 0 0 0
1c 78 a0 48 00 2a e6 a0 18 80 c7 8a 04 80 02 ae 6a 01 00 8a

c78a 047f 02ae 6a01 008
c78a 047e 02ae 6a01 000
0 -1 0 0
1c 78 a0 47 f0 2a e6 a0 10 08 c7 8a 04 7e 02 ae 6a 01 00 0a

c78a 047d 02af 6a01 888
c78a 047d 02af 6a01 888
0 0 0 0
1c 78 a0 47 d0 2a f6 a0 18 88 c7 8a 04 7d 02 af 6a 01 88 8a

c78a 0463 02b6 6a02 000
c789 0463 02b6 6a03 888
-1 0 0 1
1c 78 a0 46 30 2b 66 a0 20 00 c7 89 04 63 02 b6 6a 03 88 8a

c789 0462 02b7 6a03 888
c789 0461 02b7 6a03 008
0 -1 0 0
1c 78 90 46 20 2b 76 a0 38 88 c7 89 04 61 02 b7 6a 03 00 8a

c789 0461 02b8 6a03 888
c789 0460 02b8 6a03 008
0 -1 0 0
1c 78 90 46 10 2b 86 a0 38 88 c7 89 04 60 02 b8 6a 03 00 8a

c789 0460 02b8 6a03 008
c789 0460 02b8 6a03 008
0 0 0 0
1c 78 90 46 00 2b 86 a0 30 08 c7 89 04 60 02 b8 6a 03 00 8a

c78a 0456 02bc 6a03 880
c78a 0455 02bc 6a03 000
0 -1 0 0
1c 78 a0 45 60 2b c6 a0 38 80 c7 8a 04 55 02 bc 6a 03 00 0a

c78a 0455 02bc 6a03 888
c78a 0454 02bc 6a03 008
0 -1 0 0
1c 78 a0 45 50 2b c6 a0 38 88 c7 8a 04 54 02 bc 6a 03 00 8a

c78a 0454 02bd 6a03 008
c789 0454 02bc 6a03 808
-1 0 -1 0
1c 78 a0 45 40 2b d6 a0 30 08 c7 89 04 54 02 bc 6a 03 80 8a

c789 0453 02bd 6a03 008
c789 0452 02bd 6a03 008
0 -1 0 0
1c 78 90 45 30 2b d6 a0 30 08 c7 89 04 52 02 bd 6a 03 00 8a

c789 0452 02bd 6a03 008
c789 0452 02bd 6a03 880
0 0 0 0
1c 78 90 45 20 2b d6 a0 30 08 c7 89 04 52 02 bd 6a 03 88 0a

c789 0451 02bd 6a03 808
c789 0450 02bd 6a03 008
0 -1 0 0
1c 78 90 45 10 2b d6 a0 38 08 c7 89 04 50 02 bd 6a 03 00 8a

c789 0450 02bd 6a03 008
c78a 0442 02c2 6a03 880
1 -14 5 0
1c 78 90 45 00 2b d6 a0 30 08 c7 8a 04 42 02 c2 6a 03 88 0a

c78a 0442 02c2 6a03 888
c78a 0442 02c2 6a03 000
0 0 0 0
1c 78 a0 44 20 2c 26 a0 38 88 c7 8a 04 42 02 c2 6a 03 00 0a

c78a 0441 02c2 6a03 000
c78a 0441 02c1 6a03 808
0 0 -1 0
1c 78 a0 44 10 2c 26 a0 30 00 c7 8a 04 41 02 c1 6a 03 80 8a

c78a 0440 02c2 6a03 000
c78a 0440 02c2 6a03 000
0 0 0 0
1c 78 a0 44 00 2c 26 a0 30 00 c7 8a 04 40 02 c2 6a 03 00 0a

c78a 043b 02c5 6a04 000
c78a 043a 02c5 6a04 808
0 -1 0 0
1c 78 a0 43 b0 2c 56 a0 40 00 c7 8a 04 3a 02 c5 6a 04 80 8a

c78a 043a 02c5 6a04 008
c78a 0439 02c5 6a04 000
0 -1 0 0
1c 78 a0 43 a0 2c 56 a0 40 08 c7 8a 04 39 02 c5 6a 04 00 0a

c78a 0439 02c6 6a04 008
c78a 0439 02c6 6a04 888
0 0 0 0
1c 78 a0 43 90 2c 66 a0 40 08 c7 8a 04 39 02 c6 6a 04 88 8a

c78a 0439 02c7 6a04 888
c78a 0439 02c7 6a04 888
0 0 0 0
1c 78 a0 43 90 2c 76 a0 48 88 c7 8a 04 39 02 c7 6a 04 88 8a

c78a 0439 02c7 6a04 008
c78a 0438 02c7 6a04 008
0 -1 0 0
1c 78 a0 43 90 2c 76 a0 40 08 c7 8a 04 38 02 c7 6a 04 00 8a

c78a 0438 02c7 6a04 008
c78a 0438 02c7 6a04 008
0 0 0 0
1c 78 a0 43 80 2c 76 a0 40 08 c7 8a 04 38 02 c7 6a 04 00 8a

c78a 0438 02c7 6a04 880
c78a 0438 02c7 6a04 880
0 0 0 0
1c 78 a0 43 80 2c 76 a0 48 80 c7 8a 04 38 02 c7 6a 04 88 0a

c78a 042e 02c9 6a04 008
c78a 042e 02c9 6a04 000
0 0 0 0
1c 78 a0 42 e0 2c 96 a0 40 08 c7 8a 04 2e 02 c9 6a 04 00 0a

c78a 042e 02c9 6a04 008
c78a 042e 02ca 6a04 008
0 0 1 0
1c 78 a0 42 e0 2c 96 a0 40 08 c7 8a 04 2e 02 ca 6a 04 00 8a

c78a 042e 02c9 6a04 000
c78a 042e 02ca 6a04 888
0 0 1 0
1c 78 a0 42 e0 2c 96 a0 40 00 c7 8a 04 2e 02 ca 6a 04 88 8a

c78a 042e 02ca 6a04 888
c78a 042e 02ca 6a04 880
0 0 0 0
1c 78 a0 42 e0 2c a6 a0 48 88 c7 8a 04 2e 02 ca 6a 04 88 0a

c78a 042e 02ca 6a04 008
c78a 042d 02ca 6a04 000
0 -1 0 0
1c 78 a0 42 e0 2c a6 a0 40 08 c7 8a 04 2d 02 ca 6a 04 00 0a

c78b 042d 02ca 6a04 000
c78a 042c 02ca 6a04 808
-1 -1 0 0
1c 78 b0 42 d0 2c a6 a0 40 00 c7 8a 04 2c 02 ca 6a 04 80 8a

c78a 042c 02cb 6a04 888
c78a 042c 02cb 6a04 888
0 0 0 0
1c 78 a0 42 c0 2c b6 a0 48 88 c7 8a 04 2c 02 cb 6a 04 88 8a

c78b 0426 02cc 6a04 008
c78b 0425 02cb 6a04 800
0 -1 -1 0
1c 78 b0 42 60 2c c6 a0 40 08 c7 8b 04 25 02 cb 6a 04 80 0a

c78b 0425 02cc 6a04 000
c78b 0426 02cb 6a04 800
0 1 -1 0
1c 78 b0 42 50 2c c6 a0 40 00 c7 8b 04 26 02 cb 6a 04 80 0a

c78b 0426 02cb 6a04 008
c78b 0426 02cb 6a04 008
0 0 0 0
1c 78 b0 42 60 2c b6 a0 40 08 c7 8b 04 26 02 cb 6a 04 00 8a

c78b 0426 02cb 6a04 008
c78b 0423 02cb 6a03 000
0 -3 0 -1
1c 78 b0 42 60 2c b6 a0 40 08 c7 8b 04 23 02 cb 6a 03 00 0a

c78b 0423 02cb 6a03 808
c78b 0423 02cb 6a03 880
0 0 0 0
1c 78 b0 42 30 2c b6 a0 38 08 c7 8b 04 23 02 cb 6a 03 88 0a

c78b 0423 02cb 6a03 008
c78b 0423 02cb 6a03 000
0 0 0 0
1c 78 b0 42 30 2c b6 a0 30 08 c7 8b 04 23 02 cb 6a 03 00 0a

c78b 0423 02cb 6a03 000
c78b 0423 02cb 6a03 888
0 0 0 0
1c 78 b0 42 30 2c b6 a0 30 00 c7 8b 04 23 02 cb 6a 03 88 8a

c78b 0423 02cb 6a03 008
c78b 0422 02cb 6a03 008
0 -1 0 0
1c 78 b0 42 30 2c b6 a0 30 08 c7 8b 04 22 02 cb 6a 03 00 8a

c78b 0423 02cb 6a03 008
c78b 0423 02cb 6a03 808
0 0 0 0
1c 78 b0 42 30 2c b6 a0 30 08 c7 8b 04 23 02 cb 6a 03 80 8a

c78b 0422 02ca 6a03 008
c78b 0422 02ca 6a03 000
0 0 0 0
1c 78 b0 42 20 2c a6 a0 30 08 c7 8b 04 22 02 ca 6a 03 00 0a

c78b 0422 02ca 6a03 000
c78b 0422 02cb 6a03 880
0 0 1 0
1c 78 b0 42 20 2c a6 a0 30 00 c7 8b 04 22 02 cb 6a 03 88 0a

c78b 0422 02cb 6a03 880
c78b 0422 02cb 6a03 008
0 0 0 0
1c 78 b0 42 20 2c b6 a0 38 80 c7 8b 04 22 02 cb 6a 03 00 8a

c78c 0421 02cb 6a03 880
c78c 0422 02cb 6a03 808
0 1 0 0
1c 78 c0 42 10 2c b6 a0 38 80 c7 8c 04 22 02 cb 6a 03 80 8a

c78c 0422 02cb 6a03 888
c78c 0421 02cb 6a03 000
0 -1 0 0
1c 78 c0 42 20 2c b6 a0 38 88 c7 8c 04 21 02 cb 6a 03 00 0a

c78b 0421 02cb 6a03 008
c78c 0421 02cb 6a03 800
1 0 0 0
1c 78 b0 42 10 2c b6 a0 30 08 c7 8c 04 21 02 cb 6a 03 80 0a

c78b 0421 02cb 6a03 008
c78b 0420 02cb 6a03 008
0 -1 0 0
1c 78 b0 42 10 2c b6 a0 30 08 c7 8b 04 20 02 cb 6a 03 00 8a

c78b 0420 02cc 6a03 800
c78b 0420 02cb 6a04 808
0 0 -1 1
1c 78 b0 42 00 2c c6 a0 38 00 c7 8b 04 20 02 cb 6a 04 80 8a

c78b 0420 02cb 6a04 808
c78c 041c 02cd 6a03 008
1 -4 2 -1
1c 78 b0 42 00 2c b6 a0 48 08 c7 8c 04 1c 02 cd 6a 03 00 8a

c78c 041d 02cd 6a03 880
c78b 041c 02cd 6a03 008
-1 -1 0 0
1c 78 c0 41 d0 2c d6 a0 38 80 c7 8b 04 1c 02 cd 6a 03 00 8a

c78b 041c 02cd 6a03 000
c78c 041c 02ce 6a03 888
1 0 1 0
1c 78 b0 41 c0 2c d6 a0 30 00 c7 8c 04 1c 02 ce 6a 03 88 8a

c78c 041c 02ce 6a03 000
c78c 041c 02ce 6a03 000
0 0 0 0
1c 78 c0 41 c0 2c e6 a0 30 00 c7 8c 04 1c 02 ce 6a 03 00 0a

c78c 041b 02ce 6a03 888
c78c 041b 02ce 6a03 000
0 0 0 0
1c 78 c0 41 b0 2c e6 a0 38 88 c7 8c 04 1b 02 ce 6a 03 00 0a

c78c 041b 02cd 6a03 000
c78c 041b 02cd 6a03 880
0 0 0 0
1c 78 c0 41 b0 2c d6 a0 30 00 c7 8c 04 1b 02 cd 6a 03 88 0a

c78c 041b 02cd 6a03 888
c78c 041b 02cd 6a03 888
0 0 0 0
1c 78 c0 41 b0 2c d6 a0 38 88 c7 8c 04 1b 02 cd 6a 03 88 8a

c78c 041b 02cd 6a03 000
c78c 041b 02cd 6a03 880
0 0 0 0
1c 78 c0 41 b0 2c d6 a0 30 00 c7 8c 04 1b 02 cd 6a 03 88 0a

c78c 041b 02ce 6a03 800
c78c 041c 02ce 6a03 880
0 1 0 0
1c 78 c0 41 b0 2c e6 a0 38 00 c7 8c 04 1c 02 ce 6a 03 88 0a

c78c 041b 02ce 6a03 000
c78c 041b 02ce 6a03 000
0 0 0 0
1c 78 c0 41 b0 2c e6 a0 30 00 c7 8c 04 1b 02 ce 6a 03 00 0a

c78c 041b 02ce 6a03 888
c78c 041b 02ce 6a03 888
0 0 0 0
1c 78 c0 41 b0 2c e6 a0 38 88 c7 8c 04 1b 02 ce 6a 03 88 8a

c78c 0418 02d1 6a03 880
c78c 0418 02d0 6a03 008
0 0 -1 0
1c 78 c0 41 80 2d 16 a0 38 80 c7 8c 04 18 02 d0 6a 03 00 8a

c78c 0418 02d0 6a03 008
c78c 0418 02d0 6a03 000
0 0 0 0
1c 78 c0 41 80 2d 06 a0 30 08 c7 8c 04 18 02 d0 6a 03 00 0a

c78c 0419 02d0 6a03 880
c78c 0419 02d0 6a03 808
0 0 0 0
1c 78 c0 41 90 2d 06 a0 38 80 c7 8c 04 19 02 d0 6a 03 80 8a

c78c 0419 02d0 6a03 808
c78c 0418 02cf 6a03 008
0 -1 -1 0
1c 78 c0 41 90 2d 06 a0 38 08 c7 8c 04 18 02 cf 6a 03 00 8a

c78c 0418 02cf 6a03 000
c78c 0418 02cf 6a03 000
0 0 0 0
1c 78 c0 41 80 2c f6 a0 30 00 c7 8c 04 18 02 cf 6a 03 00 0a

c78c 0418 02cf 6a03 008
c78c 0418 02cf 6a03 000
0 0 0 0
1c 78 c0 41 80 2c f6 a0 30 08 c7 8c 04 18 02 cf 6a 03 00 0a

c78c 0418 02cf 6a03 800
c78d 0417 02cf 6a03 000
1 -1 0 0
1c 78 c0 41 80 2c f6 a0 38 00 c7 8d 04 17 02 cf 6a 03 00 0a

c78c 0417 02d0 6a03 008
c78c 0417 02cf 6a03 008
0 0 -1 0
1c 78 c0 41 70 2d 06 a0 30 08 c7 8c 04 17 02 cf 6a 03 00 8a

c78c 0416 02d0 6a03 008
c78c 0416 02d0 6a03 888
0 0 0 0
1c 78 c0 41 60 2d 06 a0 30 08 c7 8c 04 16 02 d0 6a 03 88 8a

c78c 0416 02d0 6a03 000
c78c 0416 02d0 6a03 000
0 0 0 0
1c 78 c0 41 60 2d 06 a0 30 00 c7 8c 04 16 02 d0 6a 03 00 0a

c78c 0413 02d1 6a04 000
c78c 0413 02d1 6a04 000
0 0 0 0
1c 78 c0 41 30 2d 16 a0 40 00 c7 8c 04 13 02 d1 6a 04 00 0a

c78c 0414 02d1 6a03 000
c78c 0414 02d1 6a04 008
0 0 0 1
1c 78 c0 41 40 2d 16 a0 30 00 c7 8c 04 14 02 d1 6a 04 00 8a

c78c 0414 02d2 6a04 008
c78b 0413 02d2 6a04 008
-1 -1 0 0
1c 78 c0 41 40 2d 26 a0 40 08 c7 8b 04 13 02 d2 6a 04 00 8a

c78b 0413 02d2 6a04 008
c78a 0413 02d6 6a05 000
-1 0 4 1
1c 78 b0 41 30 2d 26 a0 40 08 c7 8a 04 13 02 d6 6a 05 00 0a

c78a 0413 02d7 6a05 000
c789 0413 02d7 6a05 888
-1 0 0 0
1c 78 a0 41 30 2d 76 a0 50 00 c7 89 04 13 02 d7 6a 05 88 8a

c789 0414 02d7 6a05 000
c789 0414 02d7 6a05 008
0 0 0 0
1c 78 90 41 40 2d 76 a0 50 00 c7 89 04 14 02 d7 6a 05 00 8a

c789 0414 02d7 6a05 000
c789 0414 02d7 6a05 008
0 0 0 0
1c 78 90 41 40 2d 76 a0 50 00 c7 89 04 14 02 d7 6a 05 00 8a

c789 0414 02d8 6a05 000
c789 0414 02d8 6a05 000
0 0 0 0
1c 78 90 41 40 2d 86 a0 50 00 c7 89 04 14 02 d8 6a 05 00 0a

c789 0414 02d8 6a05 000
c789 0414 02d9 6a05 880
0 0 1 0
1c 78 90 41 40 2d 86 a0 50 00 c7 89 04 14 02 d9 6a 05 88 0a

c789 0414 02d9 6a05 008
c789 0414 02d9 6a05 008
0 0 0 0
1c 78 90 41 40 2d 96 a0 50 08 c7 89 04 14 02 d9 6a 05 00 8a

c787 0412 02de 6a07 000
c787 0412 02de 6a07 000
0 0 0 0
1c 78 70 41 20 2d e6 a0 70 00 c7 87 04 12 02 de 6a 07 00 0a

c787 0412 02de 6a07 000
c787 0412 02de 6a07 888
0 0 0 0
1c 78 70 41 20 2d e6 a0 70 00 c7 87 04 12 02 de 6a 07 88 8a

c786 0412 02de 6a07 008
c786 0412 02de 6a07 880
0 0 0 0
1c 78 60 41 20 2d e6 a0 70 08 c7 86 04 12 02 de 6a 07 88 0a

c786 0412 02de 6a07 880
c785 0410 02e0 6a08 000
-1 -2 2 1
1c 78 60 41 20 2d e6 a0 78 80 c7 85 04 10 02 e0 6a 08 00 0a

c785 0410 02e0 6a08 888
c785 0411 02e0 6a08 880
0 1 0 0
1c 78 50 41 00 2e 06 a0 88 88 c7 85 04 11 02 e0 6a 08 88 0a

c785 0411 02df 6a08 008
c784 0411 02df 6a08 808
-1 0 0 0
1c 78 50 41 10 2d f6 a0 80 08 c7 84 04 11 02 df 6a 08 80 8a

c784 0410 02df 6a08 880
c784 0410 02df 6a08 008
0 0 0 0
1c 78 40 41 00 2d f6 a0 88 80 c7 84 04 10 02 df 6a 08 00 8a

c784 0410 02df 6a08 008
c784 0410 02df 6a08 000
0 0 0 0
1c 78 40 41 00 2d f6 a0 80 08 c7 84 04 10 02 df 6a 08 00 0a

c784 0410 02df 6a08 880
c784 0410 02df 6a08 000
0 0 0 0
1c 78 40 41 00 2d f6 a0 88 80 c7 84 04 10 02 df 6a 08 00 0a

c784 0410 02df 6a08 880
c784 0410 02df 6a08 000
0 0 0 0
1c 78 40 41 00 2d f6 a0 88 80 c7 84 04 10 02 df 6a 08 00 0a

c784 0410 02df 6a08 000
c782 040f 02e3 6a0a 888
-2 -1 4 2
1c 78 40 41 00 2d f6 a0 80 00 c7 82 04 0f 02 e3 6a 0a 88 8a

c782 040e 02e3 6a0a 000
c782 040f 02e3 6a0a 000
0 1 0 0
1c 78 20 40 e0 2e 36 a0 a0 00 c7 82 04 0f 02 e3 6a 0a 00 0a

c782 040e 02e3 6a0a 008
c782 040f 02e4 6a0a 000
0 1 1 0
1c 78 20 40 e0 2e 36 a0 a0 08 c7 82 04 0f 02 e4 6a 0a 00 0a

c782 040f 02e4 6a0a 888
c782 040f 02e4 6a0a 008
0 0 0 0
1c 78 20 40 f0 2e 46 a0 a8 88 c7 82 04 0f 02 e4 6a 0a 00 8a

c782 040f 02e4 6a0a 008
c780 040f 02e7 6a0b 008
-2 0 3 1
1c 78 20 40 f0 2e 46 a0 a0 08 c7 80 04 0f 02 e7 6a 0b 00 8a

c780 040f 02e7 6a0b 000
c780 040f 02e8 6a0b 008
0 0 1 0
1c 78 00 40 f0 2e 76 a0 b0 00 c7 80 04 0f 02 e8 6a 0b 00 8a

c780 040f 02e8 6a0b 008
c780 0410 02e8 6a0b 000
0 1 0 0
1c 78 00 40 f0 2e 86 a0 b0 08 c7 80 04 10 02 e8 6a 0b 00 0a

c780 0410 02e8 6a0b 000
c780 0410 02e8 6a0b 008
0 0 0 0
1c 78 00 41 00 2e 86 a0 b0 00 c7 80 04 10 02 e8 6a 0b 00 8a

c780 0410 02e8 6a0b 008
c780 040f 02e8 6a0b 008
0 -1 0 0
1c 78 00 41 00 2e 86 a0 b0 08 c7 80 04 0f 02 e8 6a 0b 00 8a

c780 0410 02e8 6a0b 000
c780 0410 02e8 6a0b 000
0 0 0 0
1c 78 00 41 00 2e 86 a0 b0 00 c7 80 04 10 02 e8 6a 0b 00 0a

c780 0410 02e7 6a0b 000
c780 0410 02e7 6a0b 008
0 0 0 0
1c 78 00 41 00 2e 76 a0 b0 00 c7 80 04 10 02 e7 6a 0b 00 8a

c780 0410 02e7 6a0b 008
c77d 040f 02e5 6a0d 008
-3 -1 -2 2
1c 78 00 41 00 2e 76 a0 b0 08 c7 7d 04 0f 02 e5 6a 0d 00 8a

c77d 040f 02e5 6a0d 008
c77d 040f 02e6 6a0d 000
0 0 1 0
1c 77 d0 40 f0 2e 56 a0 d0 08 c7 7d 04 0f 02 e6 6a 0d 00 0a

c77d 040f 02e6 6a0d 000
c77d 040f 02e6 6a0d 888
0 0 0 0
1c 77 d0 40 f0 2e 66 a0 d0 00 c7 7d 04 0f 02 e6 6a 0d 88 8a

c77c 040f 02e6 6a0d 000
c77c 040f 02e6 6a0d 000
0 0 0 0
1c 77 c0 40 f0 2e 66 a0 d0 00 c7 7c 04 0f 02 e6 6a 0d 00 0a

c77b 040f 02e6 6a0f 008
c77b 040f 02e6 6a0f 000
0 0 0 0
1c 77 b0 40 f0 2e 66 a0 f0 08 c7 7b 04 0f 02 e6 6a 0f 00 0a

c77b 040f 02e7 6a0f 000
c77a 040f 02e7 6a0f 008
-1 0 0 0
1c 77 b0 40 f0 2e 76 a0 f0 00 c7 7a 04 0f 02 e7 6a 0f 00 8a

c77a 040f 02e7 6a0f 008
c77a 040f 02e7 6a0f 008
0 0 0 0
1c 77 a0 40 f0 2e 76 a0 f0 08 c7 7a 04 0f 02 e7 6a 0f 00 8a

c77a 040f 02e7 6a0f 000
c77a 040f 02e7 6a0f 008
0 0 0 0
1c 77 a0 40 f0 2e 76 a0 f0 00 c7 7a 04 0f 02 e7 6a 0f 00 8a

c77a 040f 02e7 6a0f 000
c77a 040e 02e7 6a0f 008
0 -1 0 0
1c 77 a0 40 f0 2e 76 a0 f0 00 c7 7a 04 0e 02 e7 6a 0f 00 8a

c77a 040e 02e7 6a0f 008
c77a 040e 02e7 6a0f 008
0 0 0 0
1c 77 a0 40 e0 2e 76 a0 f0 08 c7 7a 04 0e 02 e7 6a 0f 00 8a

c77a 040e 02e7 6a0f 000
c77a 040e 02e7 6a0f 000
0 0 0 0
1c 77 a0 40 e0 2e 76 a0 f0 00 c7 7a 04 0e 02 e7 6a 0f 00 0a

c777 040e 02e7 6a11 888
c777 040f 02e7 6a11 008
0 1 0 0
1c 77 70 40 e0 2e 76 a1 18 88 c7 77 04 0f 02 e7 6a 11 00 8a

c777 040e 02e7 6a11 008
c777 040f 02e6 6a11 008
0 1 -1 0
1c 77 70 40 e0 2e 76 a1 10 08 c7 77 04 0f 02 e6 6a 11 00 8a

c777 040f 02e7 6a11 008
c777 040e 02e7 6a11 008
0 -1 0 0
1c 77 70 40 f0 2e 76 a1 10 08 c7 77 04 0e 02 e7 6a 11 00 8a

c776 040e 02e6 6a11 008
c776 040e 02e6 6a12 008
0 0 0 1
1c 77 60 40 e0 2e 66 a1 10 08 c7 76 04 0e 02 e6 6a 12 00 8a

c776 040f 02e6 6a12 888
c776 040f 02e7 6a12 008
0 0 1 0
1c 77 60 40 f0 2e 66 a1 28 88 c7 76 04 0f 02 e7 6a 12 00 8a

c776 040f 02e7 6a12 000
c776 040f 02e7 6a12 000
0 0 0 0
1c 77 60 40 f0 2e 76 a1 20 00 c7 76 04 0f 02 e7 6a 12 00 0a

c776 040f 02e7 6a12 000
c778 03ca 0280 6a16 000
2 -69 -103 4
1c 77 60 40 f0 2e 76 a1 20 00 c7 78 03 ca 02 80 6a 16 00 0a

c777 03cb 0281 6a16 880
c777 03cb 0281 6a16 000
0 0 0 0
1c 77 70 3c b0 28 16 a1 68 80 c7 77 03 cb 02 81 6a 16 00 0a

c777 03cc 0282 6a16 880
c777 03cc 0283 6a16 008
0 0 1 0
1c 77 70 3c c0 28 26 a1 68 80 c7 77 03 cc 02 83 6a 16 00 8a

c777 03cd 0283 6a16 880
c777 03cd 0284 6a16 008
0 0 1 0
1c 77 70 3c d0 28 36 a1 68 80 c7 77 03 cd 02 84 6a 16 00 8a

c777 03cd 0285 6a16 008
c777 03ce 0285 6a16 000
0 1 0 0
1c 77 70 3c d0 28 56 a1 60 08 c7 77 03 ce 02 85 6a 16 00 0a

c777 03cf 0286 6a16 008
c777 03cf 0288 6a16 000
0 0 2 0
1c 77 70 3c f0 28 66 a1 60 08 c7 77 03 cf 02 88 6a 16 00 0a

c777 03cf 0288 6a16 008
c777 03cf 0288 6a16 008
0 0 0 0
1c 77 70 3c f0 28 86 a1 60 08 c7 77 03 cf 02 88 6a 16 00 8a

c774 03de 029e 6a17 008
c774 03de 029e 6a17 000
0 0 0 0
1c 77 40 3d e0 29 e6 a1 70 08 c7 74 03 de 02 9e 6a 17 00 0a

c774 03df 029f 6a17 888
c774 03df 02a0 6a17 000
0 0 1 0
1c 77 40 3d f0 29 f6 a1 78 88 c7 74 03 df 02 a0 6a 17 00 0a

c774 03df 02a0 6a17 000
c774 03e0 02a1 6a17 000
0 1 1 0
1c 77 40 3d f0 2a 06 a1 70 00 c7 74 03 e0 02 a1 6a 17 00 0a

c774 03e0 02a1 6a17 000
c772 03e7 02ac 6a17 008
-2 7 11 0
1c 77 40 3e 00 2a 16 a1 70 00 c7 72 03 e7 02 ac 6a 17 00 8a

c772 03e7 02ad 6a17 008
c772 03e7 02ae 6a17 008
0 0 1 0
1c 77 20 3e 70 2a d6 a1 70 08 c7 72 03 e7 02 ae 6a 17 00 8a

c772 03e7 02ae 6a17 008
c772 03e7 02ae 6a17 000
0 0 0 0
1c 77 20 3e 70 2a e6 a1 70 08 c7 72 03 e7 02 ae 6a 17 00 0a

c772 03e8 02af 6a17 880
c772 03e8 02af 6a17 000
0 0 0 0
1c 77 20 3e 80 2a f6 a1 78 80 c7 72 03 e8 02 af 6a 17 00 0a

c772 03e9 02b0 6a18 008
c772 03e9 02b1 6a18 008
0 0 1 0
1c 77 20 3e 90 2b 06 a1 80 08 c7 72 03 e9 02 b1 6a 18 00 8a

c772 03e9 02b1 6a18 000
c772 03e9 02b2 6a18 008
0 0 1 0
1c 77 20 3e 90 2b 16 a1 80 00 c7 72 03 e9 02 b2 6a 18 00 8a

c771 03e9 02b2 6a18 000
c772 03ea 02b2 6a18 000
1 1 0 0
1c 77 10 3e 90 2b 26 a1 80 00 c7 72 03 ea 02 b2 6a 18 00 0a

c772 03ea 02b2 6a18 000
c76e 03f1 02c1 6a19 000
-4 7 15 1
1c 77 20 3e a0 2b 26 a1 80 00 c7 6e 03 f1 02 c1 6a 19 00 0a

c76e 03f1 02c1 6a19 000
c76e 03f1 02c2 6a19 008
0 0 1 0
1c 76 e0 3f 10 2c 16 a1 90 00 c7 6e 03 f1 02 c2 6a 19 00 8a

c76e 03f1 02c2 6a19 008
c76e 03f1 02c2 6a19 000
0 0 0 0
1c 76 e0 3f 10 2c 26 a1 90 08 c7 6e 03 f1 02 c2 6a 19 00 0a

c76e 03f1 02c3 6a19 008
c76e 03f1 02c3 6a19 008
0 0 0 0
1c 76 e0 3f 10 2c 36 a1 90 08 c7 6e 03 f1 02 c3 6a 19 00 8a

c76c 03f6 02c7 6a1a 000
c76c 03f6 02c7 6a1a 888
0 0 0 0
1c 76 c0 3f 60 2c 76 a1 a0 00 c7 6c 03 f6 02 c7 6a 1a 88 8a

c76c 03f7 02c8 6a1a 008
c76c 03f7 02c8 6a1a 008
0 0 0 0
1c 76 c0 3f 70 2c 86 a1 a0 08 c7 6c 03 f7 02 c8 6a 1a 00 8a

c76c 03f7 02c8 6a1a 000
c76c 03f7 02c9 6a1a 000
0 0 1 0
1c 76 c0 3f 70 2c 86 a1 a0 00 c7 6c 03 f7 02 c9 6a 1a 00 0a

c76c 03f7 02c9 6a1a 000
c76c 03f8 02ca 6a1a 080
0 1 1 0
1c 76 c0 3f 70 2c 96 a1 a0 00 c7 6c 03 f8 02 ca 6a 1a 08 0a

c76b 03f8 02ca 6a1a 008
c76b 03f8 02ca 6a1b 000
0 0 0 1
1c 76 b0 3f 80 2c a6 a1 a0 08 c7 6b 03 f8 02 ca 6a 1b 00 0a

c76b 03f8 02cb 6a1b 008
c76b 03f8 02cb 6a1b 000
0 0 0 0
1c 76 b0 3f 80 2c b6 a1 b0 08 c7 6b 03 f8 02 cb 6a 1b 00 0a

c76b 03f8 02cb 6a1b 000
c769 03fe 02d1 6a1c 000
-2 6 6 1
1c 76 b0 3f 80 2c b6 a1 b0 00 c7 69 03 fe 02 d1 6a 1c 00 0a

c769 03ff 02d1 6a1c 000
c769 03ff 02d1 6a1c 008
0 0 0 0
1c 76 90 3f f0 2d 16 a1 c0 00 c7 69 03 ff 02 d1 6a 1c 00 8a

c768 03ff 02d1 6a1c 000
c768 03ff 02d1 6a1c 000
0 0 0 0
1c 76 80 3f f0 2d 16 a1 c0 00 c7 68 03 ff 02 d1 6a 1c 00 0a

c768 03ff 02d1 6a1c 008
c768 03ff 02d1 6a1c 008
0 0 0 0
1c 76 80 3f f0 2d 16 a1 c0 08 c7 68 03 ff 02 d1 6a 1c 00 8a

c768 03ff 02d2 6a1c 008
c768 03ff 02d2 6a1c 880
0 0 0 0
1c 76 80 3f f0 2d 26 a1 c0 08 c7 68 03 ff 02 d2 6a 1c 88 0a

c768 0400 02d2 6a1c 008
c768 0400 02d2 6a1c 000
0 0 0 0
1c 76 80 40 00 2d 26 a1 c0 08 c7 68 04 00 02 d2 6a 1c 00 0a

c768 03ff 02d2 6a1c 000
c768 03ff 02d2 6a1c 000
0 0 0 0
1c 76 80 3f f0 2d 26 a1 c0 00 c7 68 03 ff 02 d2 6a 1c 00 0a

c766 0404 02d8 6a1d 000
c766 0404 02d8 6a1e 008
0 0 0 1
1c 76 60 40 40 2d 86 a1 d0 00 c7 66 04 04 02 d8 6a 1e 00 8a

c766 0404 02d8 6a1e 008
c766 0404 02d8 6a1e 000
0 0 0 0
1c 76 60 40 40 2d 86 a1 e0 08 c7 66 04 04 02 d8 6a 1e 00 0a

c766 0404 02d9 6a1e 008
c766 0404 02d9 6a1d 000
0 0 0 -1
1c 76 60 40 40 2d 96 a1 e0 08 c7 66 04 04 02 d9 6a 1d 00 0a

c766 0404 02d9 6a1d 000
c765 0406 02dc 6a1e 000
-1 2 3 1
1c 76 60 40 40 2d 96 a1 d0 00 c7 65 04 06 02 dc 6a 1e 00 0a

c765 0406 02db 6a1e 888
c765 0406 02dc 6a1e 008
0 0 1 0
1c 76 50 40 60 2d b6 a1 e8 88 c7 65 04 06 02 dc 6a 1e 00 8a

c765 0406 02dc 6a1e 008
c765 0406 02dc 6a1e 008
0 0 0 0
1c 76 50 40 60 2d c6 a1 e0 08 c7 65 04 06 02 dc 6a 1e 00 8a

c765 0406 02dc 6a1e 000
c764 0406 02dc 6a1e 880
-1 0 0 0
1c 76 50 40 60 2d c6 a1 e0 00 c7 64 04 06 02 dc 6a 1e 88 0a

c764 0406 02dc 6a1e 008
c764 0406 02dc 6a1e 008
0 0 0 0
1c 76 40 40 60 2d c6 a1 e0 08 c7 64 04 06 02 dc 6a 1e 00 8a

c764 0406 02dd 6a1e 008
c764 0406 02dd 6a1e 008
0 0 0 0
1c 76 40 40 60 2d d6 a1 e0 08 c7 64 04 06 02 dd 6a 1e 00 8a

c764 0407 02dd 6a1e 008
c764 0407 02dd 6a1f 800
0 0 0 1
1c 76 40 40 70 2d d6 a1 e0 08 c7 64 04 07 02 dd 6a 1f 80 0a

c764 0407 02dd 6a1f 800
c761 040b 02e2 6a20 008
-3 4 5 1
1c 76 40 40 70 2d d6 a1 f8 00 c7 61 04 0b 02 e2 6a 20 00 8a

c761 040b 02e2 6a20 000
c761 040b 02e2 6a20 888
0 0 0 0
1c 76 10 40 b0 2e 26 a2 00 00 c7 61 04 0b 02 e2 6a 20 88 8a

c761 040b 02e2 6a20 008
c761 040b 02e2 6a20 000
0 0 0 0
1c 76 10 40 b0 2e 26 a2 00 08 c7 61 04 0b 02 e2 6a 20 00 0a

c761 040b 02e2 6a20 800
c761 040b 02e2 6a20 008
0 0 0 0
1c 76 10 40 b0 2e 26 a2 08 00 c7 61 04 0b 02 e2 6a 20 00 8a

c761 040b 02e3 6a21 008
c760 040b 02e3 6a21 000
-1 0 0 0
1c 76 10 40 b0 2e 36 a2 10 08 c7 60 04 0b 02 e3 6a 21 00 0a

c761 040b 02e3 6a20 000
c760 040b 02e3 6a21 888
-1 0 0 1
1c 76 10 40 b0 2e 36 a2 00 00 c7 60 04 0b 02 e3 6a 21 88 8a

c761 040b 02e3 6a21 000
c761 040b 02e3 6a21 000
0 0 0 0
1c 76 10 40 b0 2e 36 a2 10 00 c7 61 04 0b 02 e3 6a 21 00 0a

c75e 040d 02e3 6a22 008
c75e 040d 02e3 6a22 888
0 0 0 0
1c 75 e0 40 d0 2e 36 a2 20 08 c7 5e 04 0d 02 e3 6a 22 88 8a

c75e 040d 02e3 6a22 000
c75e 040d 02e4 6a22 008
0 0 1 0
1c 75 e0 40 d0 2e 36 a2 20 00 c7 5e 04 0d 02 e4 6a 22 00 8a

c75e 040e 02e3 6a22 000
c75e 040e 02e3 6a22 000
0 0 0 0
1c 75 e0 40 e0 2e 36 a2 20 00 c7 5e 04 0e 02 e3 6a 22 00 0a

c75e 040e 02e3 6a22 000
c75d 040e 02e4 6a23 000
-1 0 1 1
1c 75 e0 40 e0 2e 36 a2 20 00 c7 5d 04 0e 02 e4 6a 23 00 0a

c75d 040e 02e4 6a23 008
c75d 040e 02e4 6a23 880
0 0 0 0
1c 75 d0 40 e0 2e 46 a2 30 08 c7 5d 04 0e 02 e4 6a 23 88 0a

c75d 040e 02e4 6a23 000
c75d 040e 02e4 6a23 000
0 0 0 0
1c 75 d0 40 e0 2e 46 a2 30 00 c7 5d 04 0e 02 e4 6a 23 00 0a

c75d 040e 02e4 6a23 000
c75d 040e 02e4 6a23 008
0 0 0 0
1c 75 d0 40 e0 2e 46 a2 30 00 c7 5d 04 0e 02 e4 6a 23 00 8a

c75d 040e 02e4 6a23 008
c75d 040e 02e4 6a23 008
0 0 0 0
1c 75 d0 40 e0 2e 46 a2 30 08 c7 5d 04 0e 02 e4 6a 23 00 8a

c75c 040e 02e4 6a23 000
c75c 040e 02e4 6a23 880
0 0 0 0
1c 75 c0 40 e0 2e 46 a2 30 00 c7 5c 04 0e 02 e4 6a 23 88 0a

c75c 040e 02e4 6a23 000
c75c 040e 02e4 6a23 888
0 0 0 0
1c 75 c0 40 e0 2e 46 a2 30 00 c7 5c 04 0e 02 e4 6a 23 88 8a

c75c 040e 02e4 6a23 888
c75a 040f 02e4 6a25 880
-2 1 0 2
1c 75 c0 40 e0 2e 46 a2 38 88 c7 5a 04 0f 02 e4 6a 25 88 0a

c75a 0410 02e4 6a25 080
c75b 0410 02e5 6a24 880
1 0 1 -1
1c 75 a0 41 00 2e 46 a2 50 80 c7 5b 04 10 02 e5 6a 24 88 0a

c75d 0411 02e5 6a23 080
c75f 0411 02e5 6a21 000
2 0 0 -2
1c 75 d0 41 10 2e 56 a2 30 80 c7 5f 04 11 02 e5 6a 21 00 0a

c761 0411 02e5 6a20 800
c761 0411 02e5 6a20 800
0 0 0 0
1c 76 10 41 10 2e 56 a2 08 00 c7 61 04 11 02 e5 6a 20 80 0a

c777 0418 02e5 6a11 008
c777 0418 02e5 6a11 080
0 0 0 0
1c 77 70 41 80 2e 56 a1 10 08 c7 77 04 18 02 e5 6a 11 08 0a

c777 0418 02e6 6a11 008
c777 0418 02e6 6a11 800
0 0 0 0
1c 77 70 41 80 2e 66 a1 10 08 c7 77 04 18 02 e6 6a 11 80 0a

c777 0418 02e5 6a11 008
c777 0418 02e5 6a11 080
0 0 0 0
1c 77 70 41 80 2e 56 a1 10 08 c7 77 04 18 02 e5 6a 11 08 0a

c777 0418 02e5 6a11 000
c777 0418 02e5 6a11 008
0 0 0 0
1c 77 70 41 80 2e 56 a1 10 00 c7 77 04 18 02 e5 6a 11 00 8a

c777 0419 02e5 6a11 880
c777 0419 02e5 6a11 888
0 0 0 0
1c 77 70 41 90 2e 56 a1 18 80 c7 77 04 19 02 e5 6a 11 88 8a

c777 0418 02e5 6a11 008
c777 0418 02e5 6a11 880
0 0 0 0
1c 77 70 41 80 2e 56 a1 10 08 c7 77 04 18 02 e5 6a 11 88 0a

c777 0418 02e4 6a11 000
c777 0418 02e4 6a11 000
0 0 0 0
1c 77 70 41 80 2e 46 a1 10 00 c7 77 04 18 02 e4 6a 11 00 0a

c759 041a 02e5 6a25 880
c759 041a 02e6 6a25 880
0 0 1 0
1c 75 90 41 a0 2e 56 a2 58 80 c7 59 04 1a 02 e6 6a 25 88 0a

c759 041a 02e6 6a25 088
c759 041a 02e6 6a25 000
0 0 0 0
1c 75 90 41 a0 2e 66 a2 50 88 c7 59 04 1a 02 e6 6a 25 00 0a

c759 041a 02e6 6a25 080
c759 041b 02e7 6a25 008
0 1 1 0
1c 75 90 41 a0 2e 66 a2 50 80 c7 59 04 1b 02 e7 6a 25 00 8a

c759 041b 02e7 6a25 008
c759 041b 02e7 6a25 088
0 0 0 0
1c 75 90 41 b0 2e 76 a2 50 08 c7 59 04 1b 02 e7 6a 25 08 8a

c759 041b 02e7 6a25 880
c759 041b 02e7 6a25 880
0 0 0 0
1c 75 90 41 b0 2e 76 a2 58 80 c7 59 04 1b 02 e7 6a 25 88 0a

c759 041c 02e7 6a25 880
c759 041c 02e7 6a25 000
0 0 0 0
1c 75 90 41 c0 2e 76 a2 58 80 c7 59 04 1c 02 e7 6a 25 00 0a

c759 041c 02e7 6a25 888
c759 041c 02e7 6a25 000
0 0 0 0
1c 75 90 41 c0 2e 76 a2 58 88 c7 59 04 1c 02 e7 6a 25 00 0a

c759 041c 02e8 6a25 888
c759 041c 02e8 6a25 888
0 0 0 0
1c 75 90 41 c0 2e 86 a2 58 88 c7 59 04 1c 02 e8 6a 25 88 8a

c759 041c 02e8 6a25 080
c759 041c 02e7 6a25 008
0 0 -1 0
1c 75 90 41 c0 2e 86 a2 50 80 c7 59 04 1c 02 e7 6a 25 00 8a

c759 041c 02e7 6a24 000
c759 041c 02e7 6a24 000
0 0 0 0
1c 75 90 41 c0 2e 76 a2 40 00 c7 59 04 1c 02 e7 6a 24 00 0a

c759 0420 02e6 6a25 008
c759 0420 02e6 6a25 888
0 0 0 0
1c 75 90 42 00 2e 66 a2 50 08 c7 59 04 20 02 e6 6a 25 88 8a

c759 0420 02e7 6a25 880
c759 0420 02e7 6a25 888
0 0 0 0
1c 75 90 42 00 2e 76 a2 58 80 c7 59 04 20 02 e7 6a 25 88 8a

c759 0420 02e6 6a25 880
c759 0421 02e6 6a25 880
0 1 0 0
1c 75 90 42 00 2e 66 a2 58 80 c7 59 04 21 02 e6 6a 25 88 0a

c759 0421 02e6 6a25 880
c759 0420 02e6 6a24 888
0 -1 0 -1
1c 75 90 42 10 2e 66 a2 58 80 c7 59 04 20 02 e6 6a 24 88 8a

c759 0420 02e6 6a24 008
c759 0420 02e6 6a24 000
0 0 0 0
1c 75 90 42 00 2e 66 a2 40 08 c7 59 04 20 02 e6 6a 24 00 0a

c759 0420 02e6 6a24 000
c759 0420 02e6 6a24 008
0 0 0 0
1c 75 90 42 00 2e 66 a2 40 00 c7 59 04 20 02 e6 6a 24 00 8a

c759 0420 02e6 6a24 888
c759 0421 02e6 6a24 880
0 1 0 0
1c 75 90 42 00 2e 66 a2 48 88 c7 59 04 21 02 e6 6a 24 88 0a

c759 0421 02e6 6a24 000
c759 0421 02e6 6a24 888
0 0 0 0
1c 75 90 42 10 2e 66 a2 40 00 c7 59 04 21 02 e6 6a 24 88 8a

c759 0421 02e6 6a24 008
c759 0421 02e6 6a24 888
0 0 0 0
1c 75 90 42 10 2e 66 a2 40 08 c7 59 04 21 02 e6 6a 24 88 8a

c759 0421 02e6 6a24 000
c759 0421 02e6 6a24 088
0 0 0 0
1c 75 90 42 10 2e 66 a2 40 00 c7 59 04 21 02 e6 6a 24 08 8a

c759 0421 02e6 6a24 088
c75a 0424 02e7 6a24 000
1 3 1 0
1c 75 90 42 10 2e 66 a2 40 88 c7 5a 04 24 02 e7 6a 24 00 0a

c75a 0424 02e7 6a24 888
c759 0425 02e7 6a24 888
-1 1 0 0
1c 75 a0 42 40 2e 76 a2 48 88 c7 59 04 25 02 e7 6a 24 88 8a

c75a 0424 02e7 6a24 880
c75a 0424 02e7 6a24 888
0 0 0 0
1c 75 a0 42 40 2e 76 a2 48 80 c7 5a 04 24 02 e7 6a 24 88 8a

c75a 0424 02e7 6a24 880
c75a 0424 02e7 6a24 880
0 0 0 0
1c 75 a0 42 40 2e 76 a2 48 80 c7 5a 04 24 02 e7 6a 24 88 0a

c759 0423 02e7 6a24 888
c759 0424 02e7 6a24 888
0 1 0 0
1c 75 90 42 30 2e 76 a2 48 88 c7 59 04 24 02 e7 6a 24 88 8a

c759 0424 02e7 6a24 008
c759 0424 02e7 6a24 888
0 0 0 0
1c 75 90 42 40 2e 76 a2 40 08 c7 59 04 24 02 e7 6a 24 88 8a

c759 0424 02e7 6a24 888
c759 0425 02e7 6a25 888
0 1 0 1
1c 75 90 42 40 2e 76 a2 48 88 c7 59 04 25 02 e7 6a 25 88 8a

c759 0425 02e7 6a25 008
c759 0425 02e7 6a25 888
0 0 0 0
1c 75 90 42 50 2e 76 a2 50 08 c7 59 04 25 02 e7 6a 25 88 8a

c759 0425 02e7 6a24 880
c759 0425 02e7 6a24 008
0 0 0 0
1c 75 90 42 50 2e 76 a2 48 80 c7 59 04 25 02 e7 6a 24 00 8a

c759 0425 02e7 6a25 008
c759 0425 02e7 6a25 888
0 0 0 0
1c 75 90 42 50 2e 76 a2 50 08 c7 59 04 25 02 e7 6a 25 88 8a

c759 0425 02e7 6a25 888
c759 0425 02e7 6a25 888
0 0 0 0
1c 75 90 42 50 2e 76 a2 58 88 c7 59 04 25 02 e7 6a 25 88 8a

c759 0425 02e8 6a25 008
c759 0425 02e8 6a25 008
0 0 0 0
1c 75 90 42 50 2e 86 a2 50 08 c7 59 04 25 02 e8 6a 25 00 8a

c759 0425 02e8 6a25 888
c758 0425 02e8 6a25 008
-1 0 0 0
1c 75 90 42 50 2e 86 a2 58 88 c7 58 04 25 02 e8 6a 25 00 8a

c758 0425 02e8 6a25 888
c758 0425 02e8 6a25 888
0 0 0 0
1c 75 80 42 50 2e 86 a2 58 88 c7 58 04 25 02 e8 6a 25 88 8a

c758 0425 02e8 6a25 888
c758 0425 02e8 6a25 888
0 0 0 0
1c 75 80 42 50 2e 86 a2 58 88 c7 58 04 25 02 e8 6a 25 88 8a

c758 0425 02e8 6a25 008
c758 0425 02e8 6a25 880
0 0 0 0
1c 75 80 42 50 2e 86 a2 50 08 c7 58 04 25 02 e8 6a 25 88 0a

c758 0425 02e8 6a25 000
c759 0425 02e8 6a25 000
1 0 0 0
1c 75 80 42 50 2e 86 a2 50 00 c7 59 04 25 02 e8 6a 25 00 0a

c759 0425 02e8 6a25 008
c759 0425 02e8 6a25 008
0 0 0 0
1c 75 90 42 50 2e 86 a2 50 08 c7 59 04 25 02 e8 6a 25 00 8a

c759 0425 02e8 6a24 000
c759 0425 02e8 6a24 888
0 0 0 0
1c 75 90 42 50 2e 86 a2 40 00 c7 59 04 25 02 e8 6a 24 88 8a

c759 0425 02e8 6a24 008
c759 0426 02e8 6a24 008
0 1 0 0
1c 75 90 42 50 2e 86 a2 40 08 c7 59 04 26 02 e8 6a 24 00 8a

c759 0426 02e8 6a25 008
c759 0426 02e8 6a25 008
0 0 0 0
1c 75 90 42 60 2e 86 a2 50 08 c7 59 04 26 02 e8 6a 25 00 8a

c759 0426 02e8 6a24 880
c759 0426 02e7 6a24 880
0 0 -1 0
1c 75 90 42 60 2e 86 a2 48 80 c7 59 04 26 02 e7 6a 24 88 0a

c759 0426 02e8 6a24 080
c759 0426 02e8 6a24 880
0 0 0 0
1c 75 90 42 60 2e 86 a2 40 80 c7 59 04 26 02 e8 6a 24 88 0a

c759 0426 02e7 6a24 888
c759 0426 02e7 6a24 008
0 0 0 0
1c 75 90 42 60 2e 76 a2 48 88 c7 59 04 26 02 e7 6a 24 00 8a

c759 0426 02e7 6a24 008
ceb8 043f 01c8 64d2 800
1887 25 -287 -1362
1c 75 90 42 60 2e 76 a2 40 08 ce b8 04 3f 01 c8 64 d2 80 0a

cf13 044c 01c5 648a 080
cf85 0469 0229 642c 080
114 29 100 -94
1c f1 30 44 c0 1c 56 48 a0 80 cf 85 04 69 02 29 64 2c 08 0a

d007 045e 029c 63c2 080
d065 0453 02bc 6376 080
94 -11 32 -76
1d 00 70 45 e0 29 c6 3c 20 80 d0 65 04 53 02 bc 63 76 08 0a

d078 0454 02c3 6367 080
d078 0454 02c3 6367 080
0 0 0 0
1d 07 80 45 40 2c 36 36 70 80 d0 78 04 54 02 c3 63 67 08 0a

d101 043d 025e 62fb 808
d0dd 043b 0266 6318 088
-36 -2 8 29
1d 10 10 43 d0 25 e6 2f b8 08 d0 dd 04 3b 02 66 63 18 08 8a

d0c6 043c 027d 632a 088
d0c6 0440 02a8 6329 088
0 4 43 -1
1d 0c 60 43 c0 27 d6 32 a0 88 d0 c6 04 40 02 a8 63 29 08 8a

d0c6 0442 02f1 6327 088
d0c6 044c 031f 6325 088
0 10 46 -2
1d 0c 60 44 20 2f 16 32 70 88 d0 c6 04 4c 03 1f 63 25 08 8a

d0c5 0449 0325 6326 808
d0c4 0446 0319 6327 808
-1 -3 -12 1
1d 0c 50 44 90 32 56 32 68 08 d0 c4 04 46 03 19 63 27 80 8a

d0c4 0444 0314 6327 088
d0c4 0445 0319 6327 088
0 1 5 0
1d 0c 40 44 40 31 46 32 70 88 d0 c4 04 45 03 19 63 27 08 8a

d0c3 0444 031f 6328 088
d0c2 0443 0321 6329 808
-1 -1 2 1
1d 0c 30 44 40 31 f6 32 80 88 d0 c2 04 43 03 21 63 29 80 8a

d0c0 0443 0320 632a 808
d0c0 0443 0320 632a 808
0 0 0 0
1d 0c 00 44 30 32 06 32 a8 08 d0 c0 04 43 03 20 63 2a 80 8a

d0b5 042d 033b 6333 880
d0b5 042d 033b 6333 008
0 0 0 0
1d 0b 50 42 d0 33 b6 33 38 80 d0 b5 04 2d 03 3b 63 33 00 8a

d0b5 042c 033b 6333 000
d0b5 042b 033c 6333 800
0 -1 1 0
1d 0b 50 42 c0 33 b6 33 30 00 d0 b5 04 2b 03 3c 63 33 80 0a

d0b5 042b 033c 6333 000
d0b5 042a 033d 6333 888
0 -1 1 0
1d 0b 50 42 b0 33 c6 33 30 00 d0 b5 04 2a 03 3d 63 33 88 8a

d0b5 042a 033d 6333 888
d0b5 0421 0346 6334 000
0 -9 9 1
1d 0b 50 42 a0 33 d6 33 38 88 d0 b5 04 21 03 46 63 34 00 0a

d0b4 0420 0347 6334 880
d0b4 0420 0347 6334 008
0 0 0 0
1d 0b 40 42 00 34 76 33 48 80 d0 b4 04 20 03 47 63 34 00 8a

d0b4 041f 0348 6334 888
d0b4 041f 0348 6334 880
0 0 0 0
1d 0b 40 41 f0 34 86 33 48 88 d0 b4 04 1f 03 48 63 34 88 0a

d0b4 041e 0348 6334 008
d0b4 041e 0349 6334 008
0 0 1 0
1d 0b 40 41 e0 34 86 33 40 08 d0 b4 04 1e 03 49 63 34 00 8a

d0b4 041d 0349 6334 008
d0b4 041d 0349 6334 008
0 0 0 0
1d 0b 40 41 d0 34 96 33 40 08 d0 b4 04 1d 03 49 63 34 00 8a

d0b4 041c 034a 6334 000
d0b4 041c 034a 6334 880
0 0 0 0
1d 0b 40 41 c0 34 a6 33 40 00 d0 b4 04 1c 03 4a 63 34 88 0a

d0b4 041b 034a 6334 000
d0b4 041b 034a 6334 000
0 0 0 0
1d 0b 40 41 b0 34 a6 33 40 00 d0 b4 04 1b 03 4a 63 34 00 0a

d0b4 0410 0353 6335 888
d0b4 040f 0354 6335 008
0 -1 1 0
1d 0b 40 41 00 35 36 33 58 88 d0 b4 04 0f 03 54 63 35 00 8a

d0b4 040f 0354 6335 080
d0b4 040f 0354 6335 088
0 0 0 0
1d 0b 40 40 f0 35 46 33 50 80 d0 b4 04 0f 03 54 63 35 08 8a

d0b4 040e 0355 6335 000
d0b4 040e 0355 6335 880
0 0 0 0
1d 0b 40 40 e0 35 56 33 50 00 d0 b4 04 0e 03 55 63 35 88 0a

d0b4 040e 0355 6335 880
d137 0413 0863 627d 000
131 5 1294 -184
1d 0b 40 40 e0 35 56 33 58 80 d1 37 04 13 08 63 62 7d 00 0a

d2c3 02f5 07c7 6148 800
d47f 01e0 05c5 5ff2 800
444 -277 -514 -342
1d 2c 30 2f 50 7c 76 14 88 00 d4 7f 01 e0 05 c5 5f f2 80 0a

d62b 00f8 028b 5e9a 800
d7ae 0058 814f 5d3c 800
387 -160 32452 -350
1d 62 b0 0f 80 28 b5 e9 a8 00 d7 ae 00 58 81 4f 5d 3c 80 0a

d90e 000c 852d 5bca 800
da49 0009 88b3 5a4e 800
315 -3 902 -380
1d 90 e0 00 c8 52 d5 bc a8 00 da 49 00 09 88 b3 5a 4e 80 0a

db58 0028 8b9c 58e7 800
dc41 0035 8dcf 57a4 800
233 13 563 -323
1d b5 80 02 88 b9 c5 8e 78 00 dc 41 00 35 8d cf 57 a4 80 0a

dd18 8010 8f6f 5679 800
ddf1 80cd 90b7 554f 800
217 189 328 -298
1d d1 88 01 08 f6 f5 67 98 00 dd f1 80 cd 90 b7 55 4f 80 0a

deba 81f1 91ca 5432 000
df53 8355 92a7 5349 000
153 356 221 -233
1d eb a8 1f 19 1c a5 43 20 00 df 53 83 55 92 a7 53 49 00 0a

df53 8355 92a7 5349 000
c456 c1ba a74a 4c7a 908
-6909 15973 5283 -1743
1d f5 38 35 59 2a 75 34 90 00 c4 56 c1 ba a7 4a 4c 7a 90 8a

c525 bf68 aaee 4bbf 908
c636 bd9d ae59 4a37 908
273 -459 875 -392
1c 52 5b f6 8a ae e4 bb f9 08 c6 36 bd 9d ae 59 4a 37 90 8a

c76b bc65 b166 4812 900
c89a bba3 b3f7 45ac 900
303 -194 657 -614
1c 76 bb c6 5b 16 64 81 29 00 c8 9a bb a3 b3 f7 45 ac 90 0a

c9c1 bb1e b5eb 4362 800
cb08 ba9c b715 4171 800
327 -130 298 -497
1c 9c 1b b1 eb 5e b4 36 28 00 cb 08 ba 9c b7 15 41 71 80 0a

cb08 ba9c b715 4171 800
cd00 b86c c0d0 3766 800
504 -560 2491 -2571
1c b0 8b a9 cb 71 54 17 18 00 cd 00 b8 6c c0 d0 37 66 80 0a

cd1b b8b2 c114 36a9 800
ccfd b8fe c14e 363e 800
-30 76 58 -107
1c d1 bb 8b 2c 11 43 6a 98 00 cc fd b8 fe c1 4e 36 3e 80 0a

ccbd b97d c183 35d2 000
cc7c ba4b c1b0 3519 000
-65 206 45 -185
1c cb db 97 dc 18 33 5d 20 00 cc 7c ba 4b c1 b0 35 19 00 0a

cc2b bb67 c1e2 3412 000
cbc8 bcc3 c212 32d1 000
-99 348 48 -321
1c c2 bb b6 7c 1e 23 41 20 00 cb c8 bc c3 c2 12 32 d1 00 0a

cb5a be73 c229 3143 000
caee c09c c205 2f46 000
-108 553 -36 -509
1c b5 ab e7 3c 22 93 14 30 00 ca ee c0 9c c2 05 2f 46 00 0a

ca73 c2db c198 2d76 000
c991 c4cf c146 2c71 000
-226 500 -82 -261
1c a7 3c 2d bc 19 82 d7 60 00 c9 91 c4 cf c1 46 2c 71 00 0a

c8db c62e c11a 2bb6 000
c735 c807 c162 2aff 000
-422 473 72 -183
1c 8d bc 62 ec 11 a2 bb 60 00 c7 35 c8 07 c1 62 2a ff 00 0a

c735 c807 c162 2aff 000
b4fe c4c9 cf7b 3241 088
-4663 -830 3609 1858
1c 73 5c 80 7c 16 22 af f0 00 b4 fe c4 c9 cf 7b 32 41 08 8a

b48f c4dc cf2f 3311 088
b46e c4ba cee6 33d0 088
-33 -34 -73 191
1b 48 fc 4d cc f2 f3 31 10 88 b4 6e c4 ba ce e6 33 d0 08 8a

b47a c472 ceaa 347f 088
b46d c3e1 cea2 3552 088
-13 -145 -8 211
1b 47 ac 47 2c ea a3 47 f0 88 b4 6d c3 e1 ce a2 35 52 08 8a

b44a c2e7 ced2 3666 088
b3b4 c0bc cf93 3872 088
-150 -555 193 524
1b 44 ac 2e 7c ed 23 66 60 88 b3 b4 c0 bc cf 93 38 72 08 8a

b3b4 c0bc cf93 3872 088
b393 c33e d475 2d77 011
-33 642 1250 -2811
1b 3b 4c 0b cc f9 33 87 20 88 b3 93 c3 3e d4 75 2d 77 01 1a

b255 c6bf d3ce 2aab 010
b21d c895 d3c3 27d4 800
-56 470 -11 -727
1b 25 5c 6b fd 3c e2 aa b0 10 b2 1d c8 95 d3 c3 27 d4 80 0a

b25d c773 d502 26e9 808
b2ff c63e d5e9 264e 808
162 -309 231 -155
1b 25 dc 77 3d 50 22 6e 98 08 b2 ff c6 3e d5 e9 26 4e 80 8a

b349 c597 d62f 267c 088
b340 c497 d64f 2805 088
-9 -256 32 393
1b 34 9c 59 7d 62 f2 67 c0 88 b3 40 c4 97 d6 4f 28 05 08 8a

b3f4 c425 d56c 29bd 080
b52a c528 d32b 2b13 080
310 259 -577 342
1b 3f 4c 42 5d 56 c2 9b d0 80 b5 2a c5 28 d3 2b 2b 13 08 0a

b682 c738 d05a 2b64 081
b7f6 c90a cdc5 2b38 080
372 466 -661 -44
1b 68 2c 73 8d 05 a2 b6 40 81 b7 f6 c9 0a cd c5 2b 38 08 0a

b929 ca14 cc18 2adc 080
b96b ca86 cb4e 2b22 080
66 114 -202 70
1b 92 9c a1 4c c1 82 ad c0 80 b9 6b ca 86 cb 4e 2b 22 08 0a

b96b ca86 cb4e 2b22 080
bac0 b41b da10 2ddf 888
341 -5739 3778 701
1b 96 bc a8 6c b4 e2 b2 20 80 ba c0 b4 1b da 10 2d df 88 8a

bb0d b461 da14 2d24 800
bb50 b601 d96c 2c2c 080
67 416 -168 -248
1b b0 db 46 1d a1 42 d2 48 00 bb 50 b6 01 d9 6c 2c 2c 08 0a

bb6e b703 d97c 2aa0 800
bb91 b745 d9f3 2917 800
35 66 119 -393
1b b6 eb 70 3d 97 c2 aa 08 00 bb 91 b7 45 d9 f3 29 17 80 0a

bb4d b701 dab0 2833 808
bb56 b740 db5a 2643 800
9 63 170 -496
1b b4 db 70 1d ab 02 83 38 08 bb 56 b7 40 db 5a 26 43 80 0a

bb56 b740 db5a 2643 800
b823 bfb6 dab7 1eb1 89a
-819 2166 -163 -1938
1b b5 6b 74 0d b5 a2 64 38 00 b8 23 bf b6 da b7 1e b1 89 aa

ba07 b84e dbdf 2579 0aa
bb57 b1d2 db2f 2d70 0aa
336 -1660 -176 2039
1b a0 7b 84 ed bd f2 57 90 aa bb 57 b1 d2 db 2f 2d 70 0a aa

bbf4 ad03 d92c 3502 199
bc4b a85a d6a9 3c12 199
87 -1193 -643 1808
1b bf 4a d0 3d 92 c3 50 21 99 bc 4b a8 5a d6 a9 3c 12 19 9a

bc75 a437 d406 41ff 199
bc51 a131 d161 46da 099
-36 -774 -677 1243
1b c7 5a 43 7d 40 64 1f f1 99 bc 51 a1 31 d1 61 46 da 09 9a

bbc0 a00d cf4f 4a20 088
bb22 a089 cd82 4c49 088
-158 124 -461 553
1b bc 0a 00 dc f4 f4 a2 00 88 bb 22 a0 89 cd 82 4c 49 08 8a

bbda a342 cbb2 4c56 000
bc2c a47d cab2 4c7d 000
82 315 -256 39
1b bd aa 34 2c bb 24 c5 60 00 bc 2c a4 7d ca b2 4c 7d 00 0a

bc66 a446 ca96 4c85 880
bd48 a2f6 cb67 4ba0 888
226 -336 209 -229
1b c6 6a 44 6c a9 64 c8 58 80 bd 48 a2 f6 cb 67 4b a0 88 8a

bd48 a2f6 cb67 4ba0 888
b540 969c c3ef 5bc3 888
-2056 -3162 -1912 4131
1b d4 8a 2f 6c b6 74 ba 08 88 b5 40 96 9c c3 ef 5b c3 88 8a

b5c1 944c c3a5 5c39 888
b624 9283 c3ce 5c41 888
99 -457 41 8
1b 5c 19 44 cc 3a 55 c3 98 88 b6 24 92 83 c3 ce 5c 41 88 8a

b6b2 913f c474 5bb1 880
b792 9089 c59d 5a6a 880
224 -182 297 -327
1b 6b 29 13 fc 47 45 bb 18 80 b7 92 90 89 c5 9d 5a 6a 88 0a

b905 9040 c702 5875 800
b905 9040 c702 5875 800
0 0 0 0
1b 90 59 04 0c 70 25 87 58 00 b9 05 90 40 c7 02 58 75 80 0a

c4f1 a4be d8b8 3112 800
c48b a701 d92c 2f05 800
-102 579 116 -525
1c 4f 1a 4b ed 8b 83 11 28 00 c4 8b a7 01 d9 2c 2f 05 80 0a

c490 a9a3 d8fa 2d11 000
c414 abdb d8b9 2c2f 000
-124 568 -65 -226
1c 49 0a 9a 3d 8f a2 d1 10 00 c4 14 ab db d8 b9 2c 2f 00 0a

c3d1 adeb d7b7 2c7f 080
c46a af8d d676 2c55 080
153 418 -321 -42
1c 3d 1a de bd 7b 72 c7 f0 80 c4 6a af 8d d6 76 2c 55 08 0a

c5fb b0d5 d49c 2c0f 080
c65a b38b d1be 2dc2 180
95 694 -734 435
1c 5f bb 0d 5d 49 c2 c0 f0 80 c6 5a b3 8b d1 be 2d c2 18 0a

c685 b6e7 cd9b 30b4 180
c78e b8ac c998 3352 090
265 453 -1027 670
1c 68 5b 6e 7c d9 b3 0b 41 80 c7 8e b8 ac c9 98 33 52 09 0a

c86e b7d1 c75f 3618 098
c9da b26e c718 39b6 899
364 -1379 -71 926
1c 86 eb 7d 1c 75 f3 61 80 98 c9 da b2 6e c7 18 39 b6 89 9a

ca44 ae20 c692 3d50 089
ca44 ae20 c692 3d50 089
0 0 0 0
1c a4 4a e2 0c 69 23 d5 00 89 ca 44 ae 20 c6 92 3d 50 08 9a

bd72 a3e4 d60c 3e90 800
bd73 a47f d70a 3cd1 800
1 155 254 -447
1b d7 2a 3e 4d 60 c3 e9 08 00 bd 73 a4 7f d7 0a 3c d1 80 0a

bdf4 a571 d820 3a1b 800
be4f a5b4 daae 356f 900
91 67 654 -1196
1b df 4a 57 1d 82 03 a1 b8 00 be 4f a5 b4 da ae 35 6f 90 0a

bd6f a4d8 dce3 3335 808
bce7 a46a dd50 3361 088
-136 -110 109 44
1b d6 fa 4d 8d ce 33 33 58 08 bc e7 a4 6a dd 50 33 61 08 8a

bc4d a3df dd71 343b 008
bc4d a3df dd71 343b 008
0 0 0 0
1b c4 da 3d fd d7 13 43 b0 08 bc 4d a3 df dd 71 34 3b 00 8a

b7bd 8ed6 d1f6 4f9c 808
b7dd 8ff0 d273 4ecd 800
32 282 125 -207
1b 7b d8 ed 6d 1f 64 f9 c8 08 b7 dd 8f f0 d2 73 4e cd 80 0a

b8c1 913e d2ef 4d5e 800
b8fc 9205 d39b 4c4b 800
59 199 172 -275
1b 8c 19 13 ed 2e f4 d5 e8 00 b8 fc 92 05 d3 9b 4c 4b 80 0a

b90a 92cb d434 4b66 800
b8db 93b7 d4b6 4abb 800
-47 236 130 -171
1b 90 a9 2c bd 43 44 b6 68 00 b8 db 93 b7 d4 b6 4a bb 80 0a

b8a7 9483 d51b 4a39 800
b89b 94e6 d56c 49c8 800
-12 99 81 -113
1b 8a 79 48 3d 51 b4 a3 98 00 b8 9b 94 e6 d5 6c 49 c8 80 0a

b88b 949f d5cf 4977 808
b85c 9439 d630 4945 888
-47 -102 97 -50
1b 88 b9 49 fd 5c f4 97 78 08 b8 5c 94 39 d6 30 49 45 88 8a

b831 93e3 d667 493e 808
b83a 93fc d67d 4916 800
9 25 22 -40
1b 83 19 3e 3d 66 74 93 e8 08 b8 3a 93 fc d6 7d 49 16 80 0a

b8db 94ff d670 485e 800
b8db 94ff d670 485e 800
0 0 0 0
1b 8d b9 4f fd 67 04 85 e8 00 b8 db 94 ff d6 70 48 5e 80 0a

ba0f 876d ca8d 5604 881
bc49 8a2c cc4d 529a 801
570 703 448 -874
1b a0 f8 76 dc a8 d5 60 48 81 bc 49 8a 2c cc 4d 52 9a 80 1a

bfbd 8ebe ce20 4d74 802
c326 93b5 d048 46fe 902
873 1271 552 -1654
1b fb d8 eb ec e2 04 d7 48 02 c3 26 93 b5 d0 48 46 fe 90 2a

c5af 98c7 d258 4048 812
c71c 9e49 d3cc 3a32 812
365 1410 372 -1558
1c 5a f9 8c 7d 25 84 04 88 12 c7 1c 9e 49 d3 cc 3a 32 81 2a

c71c 9e49 d3cc 3a32 812
bb5c a515 cd63 4a21 18a
-3008 1740 -1641 4079
1c 71 c9 e4 9d 3c c3 a3 28 12 bb 5c a5 15 cd 63 4a 21 18 aa

b71e a1df cca8 4f80 189
b3c4 9de6 cc40 53a2 089
-858 -1017 -104 1058
1b 71 ea 1d fc ca 84 f8 01 89 b3 c4 9d e6 cc 40 53 a2 08 9a

b1ac 9be8 cbd9 55ed 088
b0da 9c1e cafb 5715 008
-210 54 -222 296
1b 1a c9 be 8c bd 95 5e d0 88 b0 da 9c 1e ca fb 57 15 00 8a

b07f 9d3b ca36 5792 000
afbf 9e31 c991 5832 008
-192 246 -165 160
1b 07 f9 d3 bc a3 65 79 20 00 af bf 9e 31 c9 91 58 32 00 8a

ae37 9e6e c916 5952 008
ac71 9df3 c87d 5adc 088
-454 -123 -153 394
1a e3 79 e6 ec 91 65 95 20 08 ac 71 9d f3 c8 7d 5a dc 08 8a

aa8f 9c44 c823 5c91 088
a9da 9861 c7cb 5e3f 888
-181 -995 -88 430
1a a8 f9 c4 4c 82 35 c9 10 88 a9 da 98 61 c7 cb 5e 3f 88 8a

ab26 985e c750 5e06 880
ac75 98c2 c6d7 5dac 880
335 100 -121 -90
1a b2 69 85 ec 75 05 e0 68 80 ac 75 98 c2 c6 d7 5d ac 88 0a

ac75 98c2 c6d7 5dac 880
afc4 af70 e156 30bf 888
847 5806 6783 -11501
1a c7 59 8c 2c 6d 75 da c8 80 af c4 af 70 e1 56 30 bf 88 8a

b006 aeb0 e1bf 3064 888
b0da af71 e150 2fb3 800
212 193 -111 -177
1b 00 6a eb 0e 1b f3 06 48 88 b0 da af 71 e1 50 2f b3 80 0a

b1fa b0da e119 2d7f 800
b4bf b19d e10f 2974 980
709 195 -10 -1035
1b 1f ab 0d ae 11 92 d7 f8 00 b4 bf b1 9d e1 0f 29 74 98 0a

b9e5 b0da e077 2494 981
b9e5 b0da e077 2494 981
0 0 0 0
1b 9e 5b 0d ae 07 72 49 49 81 b9 e5 b0 da e0 77 24 94 98 1a

d70f a21c d765 8141 881
d91c a40f d45d 84ee 881
525 499 -776 941
1d 70 fa 21 cd 76 58 14 18 81 d9 1c a4 0f d4 5d 84 ee 88 1a

da97 a5de d1b7 8801 881
dba7 a74d cf88 8a9a 880
272 367 -559 665
1d a9 7a 5d ed 1b 78 80 18 81 db a7 a7 4d cf 88 8a 9a 88 0a

dc80 a7fa cdd7 8cfc 880
dcb9 a892 cceb 8eeb 880
57 152 -236 495
1d c8 0a 7f ac dd 78 cf c8 80 dc b9 a8 92 cc eb 8e eb 88 0a

dd0d a934 cbca 90cb 880
dd68 a997 ca99 930d 880
91 99 -305 578
1d d0 da 93 4c bc a9 0c b8 80 dd 68 a9 97 ca 99 93 0d 88 0a

dd9d a9bb c9a3 9553 880
ddc1 a9cd c8c4 9775 880
36 18 -223 546
1d d9 da 9b bc 9a 39 55 38 80 dd c1 a9 cd c8 c4 97 75 88 0a

ddc1 aa10 c801 9945 800
dd5c ab15 c7a9 99fb 000
-101 261 -88 182
1d dc 1a a1 0c 80 19 94 58 00 dd 5c ab 15 c7 a9 99 fb 00 0a

dd5c ab15 c7a9 99fb 000
daa2 ab1a ae26 c0a8 880
-698 5 -6531 9901
1d d5 ca b1 5c 7a 99 9f b0 00 da a2 ab 1a ae 26 c0 a8 88 0a

da97 ab20 adb2 c105 880
da8e aae1 acf9 c1bc 880
-9 -63 -185 183
1d a9 7a b2 0a db 2c 10 58 80 da 8e aa e1 ac f9 c1 bc 88 0a

da47 aaf1 acd0 c22e 000
d9fe ab0b ad0f c256 000
-73 26 63 40
1d a4 7a af 1a cd 0c 22 e0 00 d9 fe ab 0b ad 0f c2 56 00 0a

d9ef aac1 acf5 c2ac 800
d9f9 a9e0 acb9 c355 800
10 -225 -60 169
1d 9e fa ac 1a cf 5c 2a c8 00 d9 f9 a9 e0 ac b9 c3 55 80 0a

da0e a8a5 ac6e c42a 800
da35 a78b ac22 c4cc 800
39 -282 -76 162
1d a0 ea 8a 5a c6 ec 42 a8 00 da 35 a7 8b ac 22 c4 cc 80 0a

da63 a6a1 abdc c542 800
da69 a5c8 aba7 c5d3 800
6 -217 -53 145
1d a6 3a 6a 1a bd cc 54 28 00 da 69 a5 c8 ab a7 c5 d3 80 0a

da33 a4fd ab8e c695 800
da33 a4fd ab8e c695 800
0 0 0 0
1d a3 3a 4f da b8 ec 69 58 00 da 33 a4 fd ab 8e c6 95 80 0a

d89e 93e3 c759 b72b 008
d888 928f c907 b58b 008
-22 -340 430 -416
1d 89 e9 3e 3c 75 9b 72 b0 08 d8 88 92 8f c9 07 b5 8b 00 8a

d87c 9183 ca69 b40c 008
d882 90a6 cb88 b2a8 008
6 -221 287 -356
1d 87 c9 18 3c a6 9b 40 c0 08 d8 82 90 a6 cb 88 b2 a8 00 8a

d898 8fdb cc73 b15e 008
d8c0 8efb cd46 b00f 008
40 -224 211 -335
1d 89 88 fd bc c7 3b 15 e0 08 d8 c0 8e fb cd 46 b0 0f 00 8a

d8c0 8efb cd46 b00f 008
d4a4 018b da09 a14e 808
-1052 -36208 3267 -3777
1d 8c 08 ef bc d4 6b 00 f0 08 d4 a4 01 8b da 09 a1 4e 80 8a

d410 0239 daae a0fb 808
d398 02e6 db4c a06b 008
-120 173 158 -144
1d 41 00 23 9d aa ea 0f b8 08 d3 98 02 e6 db 4c a0 6b 00 8a

d375 0348 db95 9feb 008
d345 03a1 dbdc 9f95 008
-48 89 71 -86
1d 37 50 34 8d b9 59 fe b0 08 d3 45 03 a1 db dc 9f 95 00 8a

d324 0404 dc08 9f5e 808
d341 0457 dbe7 9f67 888
29 83 -33 9
1d 32 40 40 4d c0 89 f5 e8 08 d3 41 04 57 db e7 9f 67 88 8a

d417 0451 daf6 9feb 880
d4b5 042c da09 a0eb 880
158 -37 -237 256
1d 41 70 45 1d af 69 fe b8 80 d4 b5 04 2c da 09 a0 eb 88 0a

d41f 04be da4b a1a2 800
d3a9 0556 da74 a23e 800
-118 152 41 156
1d 41 f0 4b ed a4 ba 1a 28 00 d3 a9 05 56 da 74 a2 3e 80 0a

d34b 059b da8d a2d6 800
d30d 0570 da95 a35b 800
-62 -43 8 133
1d 34 b0 59 bd a8 da 2d 68 00 d3 0d 05 70 da 95 a3 5b 80 0a

d30d 0570 da95 a35b 800
b53a 1b82 f0e2 0711 808
-7635 5650 5709 -40010
1d 30 d0 57 0d a9 5a 35 b8 00 b5 3a 1b 82 f0 e2 07 11 80 8a

b58d 1b00 f0e2 0690 880
b560 1ad7 f0ff 06b4 000
-45 -41 29 36
1b 58 d1 b0 0f 0e 20 69 08 80 b5 60 1a d7 f0 ff 06 b4 00 0a

b540 1b01 f102 06d8 088
b60a 1b00 f0ab 0641 880
202 -1 -87 -151
1b 54 01 b0 1f 10 20 6d 80 88 b6 0a 1b 00 f0 ab 06 41 88 0a

b6b9 1b05 f063 0522 880
b6b9 1b05 f063 0522 880
0 0 0 0
1b 6b 91 b0 5f 06 30 52 28 80 b6 b9 1b 05 f0 63 05 22 88 0a

b627 1b06 f0c8 804d 880
b68e 1ace f0a1 81a2 880
103 -56 -39 341
1b 62 71 b0 6f 0c 88 04 d8 80 b6 8e 1a ce f0 a1 81 a2 88 0a

b716 1a84 f068 830f 880
b7b8 1a2b f020 8493 880
162 -89 -72 388
1b 71 61 a8 4f 06 88 30 f8 80 b7 b8 1a 2b f0 20 84 93 88 0a

b86b 19c5 efca 862c 880
b925 1955 ef6b 87da 880
186 -112 -95 430
1b 86 b1 9c 5e fc a8 62 c8 80 b9 25 19 55 ef 6b 87 da 88 0a

b9d5 18e4 ef04 89a9 880
ba7d 1878 ee93 8bad 880
168 -108 -113 516
1b 9d 51 8e 4e f0 48 9a 98 80 ba 7d 18 78 ee 93 8b ad 88 0a

bb29 1809 ee07 8e16 880
bbd0 17a1 ed6a 9097 880
167 -104 -157 641
1b b2 91 80 9e e0 78 e1 68 80 bb d0 17 a1 ed 6a 90 97 88 0a

bc7a 1727 ecb8 9335 880
bd4e 167c ebe0 95f3 880
212 -171 -216 702
1b c7 a1 72 7e cb 89 33 58 80 bd 4e 16 7c eb e0 95 f3 88 0a

be5f 156f eada 98ce 880
be5f 156f eada 98ce 880
0 0 0 0
1b e5 f1 56 fe ad a9 8c e8 80 be 5f 15 6f ea da 98 ce 88 0a

afb7 3704 cbe3 48f0 108
b071 3583 c9f0 4b89 108
186 -385 -499 665
1a fb 73 70 4c be 34 8f 01 08 b0 71 35 83 c9 f0 4b 89 10 8a

b0e5 342d c8a9 4d64 008
b109 3324 c828 4e75 008
36 -265 -129 273
1b 0e 53 42 dc 8a 94 d6 40 08 b1 09 33 24 c8 28 4e 75 00 8a

ae6f 34d6 ca8e 4ca8 908
ac98 3788 ccac 49b2 988
-471 690 542 -758
1a e6 f3 4d 6c a8 e4 ca 89 08 ac 98 37 88 cc ac 49 b2 98 8a

ac98 3788 ccac 49b2 988
b064 3b79 cadc 45ff 880
972 1009 -464 -947
1a c9 83 78 8c ca c4 9b 29 88 b0 64 3b 79 ca dc 45 ff 88 0a

b065 3b77 cae6 45f5 880
b064 3b78 cae4 45f7 008
-1 1 -2 2
1b 06 53 b7 7c ae 64 5f 58 80 b0 64 3b 78 ca e4 45 f7 00 8a

b063 3b7b cad6 4605 088
b060 3b7f cabf 461b 088
-3 4 -23 22
1b 06 33 b7 bc ad 64 60 50 88 b0 60 3b 7f ca bf 46 1b 08 8a

b05e 3b83 caa8 4632 008
b05c 3b86 ca95 4645 088
-2 3 -19 19
1b 05 e3 b8 3c aa 84 63 20 08 b0 5c 3b 86 ca 95 46 45 08 8a

b05b 3b88 ca89 4651 008
b05a 3b88 ca85 4655 880
-1 0 -4 4
1b 05 b3 b8 8c a8 94 65 10 08 b0 5a 3b 88 ca 85 46 55 88 0a

b059 3b87 ca89 4653 880
b059 3b86 ca91 464b 880
0 -1 8 -8
1b 05 93 b8 7c a8 94 65 38 80 b0 59 3b 86 ca 91 46 4b 88 0a

b05a 3b83 ca9d 4641 880
b05a 3b83 ca9d 4641 880
0 0 0 0
1b 05 a3 b8 3c a9 d4 64 18 80 b0 5a 3b 83 ca 9d 46 41 88 0a

b040 3b95 ca2e 46b7 008
b040 3b96 ca2b 46bb 088
0 1 -3 4
1b 04 03 b9 5c a2 e4 6b 70 08 b0 40 3b 96 ca 2b 46 bb 08 8a

b03f 3b96 ca27 46bf 088
b03e 3b97 ca24 46c2 080
-1 1 -3 3
1b 03 f3 b9 6c a2 74 6b f0 88 b0 3e 3b 97 ca 24 46 c2 08 0a

b03e 3b97 ca22 46c5 880
b03e 3b97 ca20 46c7 880
0 0 -2 2
1b 03 e3 b9 7c a2 24 6c 58 80 b0 3e 3b 97 ca 20 46 c7 88 0a

b03e 3b97 ca20 46c7 880
b033 3b9f c9f2 46f8 000
-11 8 -46 49
1b 03 e3 b9 7c a2 04 6c 78 80 b0 33 3b 9f c9 f2 46 f8 00 0a

b032 3b9f c9f0 46fa 008
b031 3ba0 c9ed 46fd 088
-1 1 -3 3
1b 03 23 b9 fc 9f 04 6f a0 08 b0 31 3b a0 c9 ed 46 fd 08 8a

b031 3ba1 c9ea 4700 088
b030 3ba1 c9e7 4702 888
-1 0 -3 2
1b 03 13 ba 1c 9e a4 70 00 88 b0 30 3b a1 c9 e7 47 02 88 8a

b02f 3ba2 c9e5 4705 880
b02f 3ba2 c9e4 4706 880
0 0 -1 1
1b 02 f3 ba 2c 9e 54 70 58 80 b0 2f 3b a2 c9 e4 47 06 88 0a

b02f 3ba2 c9e3 4707 880
b02e 3ba3 c9e1 470a 088
-1 1 -2 3
1b 02 f3 ba 2c 9e 34 70 78 80 b0 2e 3b a3 c9 e1 47 0a 08 8a

b02e 3ba3 c9de 470d 008
b02d 3ba3 c9db 4710 088
-1 0 -3 3
1b 02 e3 ba 3c 9d e4 70 d0 08 b0 2d 3b a3 c9 db 47 10 08 8a

